\BOOKMARK [0][-]{chapter.1}{Markdown\040Files}{}% 1
\BOOKMARK [1][-]{section.1.1}{What\040is\040MyST?}{chapter.1}% 2
\BOOKMARK [1][-]{section.1.2}{Sample\040Roles\040and\040Directives}{chapter.1}% 3
\BOOKMARK [1][-]{section.1.3}{Citations}{chapter.1}% 4
\BOOKMARK [1][-]{section.1.4}{Learn\040more}{chapter.1}% 5
\BOOKMARK [0][-]{chapter.2}{Content\040with\040notebooks}{}% 6
\BOOKMARK [1][-]{section.2.1}{Markdown\040+\040notebooks}{chapter.2}% 7
\BOOKMARK [1][-]{section.2.2}{MyST\040markdown}{chapter.2}% 8
\BOOKMARK [1][-]{section.2.3}{Code\040blocks\040and\040outputs}{chapter.2}% 9
\BOOKMARK [0][-]{chapter.3}{Notebooks\040with\040MyST\040Markdown}{}% 10
\BOOKMARK [1][-]{section.3.1}{An\040example\040cell}{chapter.3}% 11
\BOOKMARK [1][-]{section.3.2}{Create\040a\040notebook\040with\040MyST\040Markdown}{chapter.3}% 12
\BOOKMARK [1][-]{section.3.3}{Quickly\040add\040YAML\040metadata\040for\040MyST\040Notebooks}{chapter.3}% 13
\BOOKMARK [0][-]{chapter.4}{\376\377\0001\000.\000\040\000I\000N\000T\000R\000O\000D\000U\000\307\000\303\000O}{}% 14
\BOOKMARK [1][-]{section.4.1}{\376\377\0001\000.\0001\000\040\000L\000i\000n\000g\000u\000a\000g\000e\000n\000s\000\040\000d\000e\000\040\000p\000r\000o\000g\000r\000a\000m\000a\000\347\000\343\000o\000\040\000e\000m\000\040\000G\000e\000o\000p\000r\000o\000c\000e\000s\000s\000a\000m\000e\000n\000t\000o}{chapter.4}% 15
\BOOKMARK [2][-]{subsection.4.1.1}{1.2.2\040Vantagens\040e\040desvantagens\040do\040Python}{section.4.1}% 16
\BOOKMARK [1][-]{section.4.2}{1.3\040Python\040aplicado\040ao\040Geoprocessamento}{chapter.4}% 17
\BOOKMARK [2][-]{subsection.4.2.1}{1.3.1\040Ecossistema\040Python\040em\040geoprocessamento}{section.4.2}% 18
\BOOKMARK [1][-]{section.4.3}{1.4\040IDEs\040e\040Ambientes\040de\040desenvolvimento}{chapter.4}% 19
\BOOKMARK [0][-]{chapter.5}{2.\040FUNDAMENTOS\040DA\040LINGUAGEM\040PYTHON}{}% 20
\BOOKMARK [1][-]{section.5.1}{\376\377\0002\000.\0001\000\040\000S\000i\000n\000t\000a\000x\000e\000\040\000b\000\341\000s\000i\000c\000a\000:\000\040\000v\000a\000r\000i\000\341\000v\000e\000i\000s\000,\000\040\000o\000p\000e\000r\000a\000d\000o\000r\000e\000s\000,\000\040\000e\000x\000p\000r\000e\000s\000s\000\365\000e\000s}{chapter.5}% 21
\BOOKMARK [2][-]{subsection.5.1.1}{\376\377\0002\000.\0001\000.\0001\000\040\000V\000a\000r\000i\000\341\000v\000e\000i\000s}{section.5.1}% 22
\BOOKMARK [0][-]{chapter*.3}{Bibliography}{}% 23
